2025-01-19T12:23:57.967Z [INFO]: DB connected
2025-01-19T12:24:32.937Z [INFO]: DB connected
2025-01-19T12:24:48.166Z [INFO]: DB connected
2025-01-19T12:25:06.086Z [INFO]: DB connected
2025-01-19T12:25:17.054Z [INFO]: DB connected
2025-01-19T12:26:13.976Z [INFO]: DB connected
2025-01-19T12:26:41.955Z [INFO]: DB connected
2025-01-19T12:26:50.358Z [INFO]: DB connected
2025-01-19T12:27:11.384Z [INFO]: DB connected
2025-01-19T12:27:36.237Z [INFO]: DB connected
2025-01-19T12:27:52.078Z [INFO]: DB connected
2025-01-19T12:28:05.711Z [INFO]: DB connected
2025-01-19T12:29:21.646Z [INFO]: DB connected
2025-01-19T15:30:00.814Z [INFO]: DB connected
2025-01-19T15:55:44.112Z [INFO]: DB connected
2025-01-19T17:17:23.683Z [INFO]: DB connected
2025-01-19T17:45:11.341Z [INFO]: DB connected
2025-01-19T17:55:09.655Z [INFO]: DB connected
2025-01-19T18:15:24.546Z [INFO]: DB connected
2025-01-19T18:19:12.853Z [INFO]: DB connected
2025-01-19T18:30:45.299Z [INFO]: DB connected
2025-01-19T18:32:18.594Z [INFO]: DB connected
2025-01-20T01:45:13.005Z [INFO]: DB connected
2025-01-20T02:08:31.604Z [INFO]: DB connected
2025-01-20T02:10:07.064Z [INFO]: DB connected
2025-01-20T02:10:39.142Z [INFO]: DB connected
2025-01-20T02:10:45.008Z [INFO]: DB connected
2025-01-20T02:12:02.077Z [INFO]: DB connected
2025-01-20T02:16:04.733Z [INFO]: DB connected
2025-01-20T02:17:58.239Z [INFO]: DB connected
2025-01-20T02:18:31.714Z [INFO]: DB connected
2025-01-20T02:29:04.505Z [INFO]: DB connected
2025-01-20T02:30:25.670Z [INFO]: DB connected
2025-01-20T02:33:37.985Z [INFO]: DB connected
2025-01-20T02:34:50.630Z [INFO]: DB connected
2025-01-20T02:35:02.151Z [INFO]: DB connected
2025-01-20T02:35:21.556Z [INFO]: DB connected
2025-01-20T02:35:55.716Z [INFO]: DB connected
2025-01-20T02:36:07.803Z [INFO]: DB connected
2025-01-20T02:36:12.580Z [INFO]: DB connected
2025-01-20T02:36:33.115Z [INFO]: DB connected
2025-01-20T02:36:41.135Z [INFO]: DB connected
2025-01-20T02:36:56.855Z [INFO]: DB connected
2025-01-20T02:37:02.963Z [INFO]: DB connected
2025-01-20T02:37:14.666Z [INFO]: DB connected
2025-01-20T02:37:23.696Z [INFO]: DB connected
2025-01-20T02:37:40.626Z [INFO]: DB connected
2025-01-20T02:37:57.398Z [INFO]: DB connected
2025-01-20T02:38:14.503Z [INFO]: DB connected
2025-01-20T02:38:24.698Z [INFO]: DB connected
2025-01-20T02:38:29.982Z [INFO]: DB connected
2025-01-20T02:38:47.952Z [INFO]: DB connected
2025-01-20T02:38:56.191Z [INFO]: DB connected
2025-01-20T02:39:10.709Z [INFO]: DB connected
2025-01-20T02:39:21.178Z [INFO]: DB connected
2025-01-20T02:39:39.630Z [INFO]: DB connected
2025-01-20T02:39:50.680Z [INFO]: DB connected
2025-01-20T02:40:17.023Z [INFO]: DB connected
2025-01-20T02:40:29.012Z [INFO]: DB connected
2025-01-20T02:40:54.596Z [INFO]: DB connected
2025-01-20T02:41:50.711Z [INFO]: DB connected
2025-01-20T02:41:58.678Z [INFO]: DB connected
2025-01-20T02:42:28.550Z [INFO]: DB connected
2025-01-20T02:42:41.518Z [INFO]: DB connected
2025-01-20T02:43:02.612Z [INFO]: DB connected
2025-01-20T02:43:18.879Z [INFO]: DB connected
2025-01-20T02:43:26.124Z [INFO]: DB connected
2025-01-20T02:44:21.343Z [INFO]: DB connected
2025-01-20T02:44:55.207Z [INFO]: DB connected
2025-01-20T02:45:13.511Z [INFO]: DB connected
2025-01-20T02:45:40.284Z [INFO]: DB connected
2025-01-20T03:11:11.328Z [INFO]: DB connected
2025-01-20T03:12:03.225Z [INFO]: DB connected
2025-01-20T03:15:57.728Z [INFO]: DB connected
2025-01-20T03:16:14.708Z [INFO]: DB connected
2025-01-20T03:16:34.457Z [INFO]: DB connected
2025-01-20T03:17:36.345Z [INFO]: DB connected
2025-01-20T03:17:50.656Z [INFO]: DB connected
2025-01-20T03:18:00.470Z [INFO]: DB connected
2025-01-20T03:18:50.217Z [INFO]: DB connected
2025-01-20T03:18:58.948Z [INFO]: DB connected
2025-01-20T03:19:06.359Z [INFO]: DB connected
2025-01-20T03:19:33.751Z [INFO]: DB connected
2025-01-20T03:19:52.578Z [INFO]: DB connected
2025-01-20T03:20:50.633Z [INFO]: DB connected
2025-01-20T03:21:02.956Z [INFO]: DB connected
2025-01-20T03:21:08.951Z [INFO]: DB connected
2025-01-20T03:21:30.278Z [INFO]: DB connected
2025-01-20T03:21:36.081Z [INFO]: DB connected
2025-01-20T03:22:38.834Z [INFO]: DB connected
2025-01-20T03:22:54.914Z [INFO]: DB connected
2025-01-20T03:23:12.632Z [INFO]: DB connected
2025-01-20T03:23:23.283Z [INFO]: DB connected
2025-01-20T03:23:34.096Z [INFO]: DB connected
2025-01-20T03:23:47.627Z [INFO]: DB connected
2025-01-20T03:24:20.471Z [INFO]: DB connected
2025-01-20T03:24:33.184Z [INFO]: DB connected
2025-01-20T03:25:03.799Z [INFO]: DB connected
2025-01-20T03:25:13.838Z [INFO]: DB connected
2025-01-20T03:25:40.673Z [INFO]: DB connected
2025-01-20T03:26:09.712Z [INFO]: DB connected
2025-01-20T03:26:38.239Z [INFO]: DB connected
2025-01-20T03:26:54.089Z [INFO]: DB connected
2025-01-20T03:33:09.790Z [INFO]: DB connected
2025-01-20T04:28:34.176Z [INFO]: No session
2025-01-20T04:32:31.591Z [INFO]: DB connected
2025-01-20T04:42:27.116Z [INFO]: DB connected
2025-01-20T04:45:51.879Z [INFO]: No session
2025-01-20T04:51:22.048Z [INFO]: DB connected
2025-01-20T04:51:36.801Z [INFO]: No session
2025-01-20T05:52:41.834Z [INFO]: DB connected
2025-01-20T05:52:59.233Z [INFO]: DB connected
2025-01-20T05:53:20.112Z [INFO]: DB connected
2025-01-20T05:59:51.109Z [INFO]: DB connected
2025-01-20T06:00:09.314Z [INFO]: DB connected
2025-01-20T06:11:38.413Z [INFO]: No session
2025-01-20T08:05:23.204Z [INFO]: DB connected
2025-01-20T08:05:30.830Z [INFO]: No session
2025-01-20T08:11:03.877Z [INFO]: DB connected
2025-01-20T08:11:45.943Z [INFO]: No session
2025-01-20T08:13:09.002Z [INFO]: DB connected
2025-01-20T12:04:25.572Z [INFO]: DB connected
2025-01-20T12:05:18.187Z [INFO]: No session
2025-01-20T12:58:19.544Z [INFO]: DB connected
2025-01-20T12:58:39.947Z [INFO]: No session
2025-01-20T13:33:33.887Z [INFO]: DB connected
2025-01-20T13:34:03.762Z [INFO]: No session
2025-01-20T13:38:55.043Z [INFO]: DB connected
2025-01-20T13:40:16.011Z [INFO]: No session
2025-01-20T13:43:53.835Z [INFO]: DB connected
2025-01-20T13:44:46.596Z [INFO]: No session
2025-01-20T13:47:16.460Z [INFO]: DB connected
2025-01-20T13:48:36.472Z [INFO]: No session
2025-01-20T13:50:53.355Z [INFO]: DB connected
2025-01-20T13:50:54.322Z [INFO]: No session
2025-01-20T13:54:20.027Z [INFO]: DB connected
2025-01-20T13:54:37.706Z [INFO]: DB connected
2025-01-20T13:56:54.347Z [INFO]: No session
2025-01-20T13:59:13.766Z [INFO]: DB connected
2025-01-20T13:59:26.442Z [INFO]: No session
2025-01-20T14:00:52.053Z [INFO]: DB connected
2025-01-20T14:02:30.391Z [INFO]: No session
2025-01-20T14:03:53.372Z [INFO]: DB connected
2025-01-20T14:04:05.354Z [INFO]: DB connected
2025-01-20T14:04:40.473Z [INFO]: DB connected
2025-01-20T14:04:52.054Z [INFO]: DB connected
2025-01-20T14:07:31.645Z [INFO]: DB connected
2025-01-20T14:08:28.776Z [INFO]: DB connected
2025-01-20T14:09:16.864Z [INFO]: No session
2025-01-20T14:11:25.040Z [INFO]: DB connected
2025-01-20T14:12:14.863Z [INFO]: No session
2025-01-20T14:18:17.405Z [INFO]: DB connected
2025-01-20T14:19:22.142Z [INFO]: No session
2025-01-20T14:24:38.927Z [INFO]: DB connected
2025-01-20T14:24:44.419Z [INFO]: DB connected
2025-01-20T14:24:55.398Z [INFO]: No session
2025-01-20T14:25:42.716Z [INFO]: DB connected
2025-01-20T14:26:37.351Z [INFO]: DB connected
2025-01-20T14:27:06.604Z [INFO]: No session
2025-01-20T14:28:26.550Z [INFO]: DB connected
2025-01-20T14:31:05.132Z [INFO]: No session
2025-01-20T14:31:48.684Z [INFO]: No session
2025-01-20T14:31:49.224Z [INFO]: DB connected
2025-01-20T14:33:55.339Z [INFO]: DB connected
2025-01-20T14:34:26.664Z [INFO]: No session
2025-01-20T14:38:16.109Z [INFO]: DB connected
2025-01-20T14:40:52.026Z [INFO]: DB connected
2025-01-20T14:47:23.742Z [INFO]: DB connected
2025-01-20T14:47:36.557Z [INFO]: DB connected
2025-01-20T14:50:02.805Z [INFO]: DB connected
2025-01-20T14:53:44.245Z [INFO]: DB connected
2025-01-20T14:54:14.590Z [INFO]: No session
2025-01-20T14:56:54.877Z [INFO]: DB connected
2025-01-20T14:59:27.588Z [INFO]: DB connected
2025-01-20T15:02:03.996Z [INFO]: DB connected
2025-01-20T15:02:30.724Z [INFO]: No session
2025-01-20T15:05:11.822Z [INFO]: DB connected
2025-01-20T15:06:51.057Z [INFO]: No session
2025-01-20T15:07:59.155Z [INFO]: DB connected
2025-01-20T15:08:38.909Z [INFO]: No session
2025-01-20T15:11:19.117Z [INFO]: DB connected
2025-01-20T15:13:26.887Z [INFO]: DB connected
2025-01-20T15:15:32.014Z [INFO]: DB connected
2025-01-20T15:17:35.810Z [INFO]: DB connected
2025-01-20T15:17:48.375Z [INFO]: DB connected
2025-01-20T15:18:04.528Z [INFO]: DB connected
2025-01-20T15:20:22.627Z [INFO]: DB connected
2025-01-20T15:22:22.230Z [INFO]: No session
2025-01-20T15:24:46.171Z [INFO]: DB connected
2025-01-20T15:25:41.410Z [INFO]: DB connected
2025-01-20T15:27:50.022Z [INFO]: DB connected
2025-01-20T15:28:17.550Z [INFO]: DB connected
2025-01-20T15:31:15.656Z [INFO]: DB connected
2025-01-20T15:32:03.664Z [INFO]: No session
2025-01-20T15:35:01.720Z [INFO]: DB connected
2025-01-20T15:35:23.251Z [INFO]: No session
2025-01-20T16:03:43.206Z [INFO]: DB connected
2025-01-20T16:04:41.389Z [INFO]: DB connected
2025-01-20T16:06:01.429Z [INFO]: DB connected
2025-01-20T16:06:29.763Z [INFO]: DB connected
2025-01-20T16:07:24.974Z [INFO]: DB connected
2025-01-20T16:08:31.635Z [INFO]: DB connected
2025-01-20T16:10:26.702Z [INFO]: DB connected
2025-01-20T16:13:03.997Z [INFO]: DB connected
2025-01-20T16:13:09.046Z [INFO]: DB connected
2025-01-20T16:15:35.360Z [INFO]: DB connected
2025-01-20T16:15:39.977Z [INFO]: DB connected
2025-01-20T16:15:50.646Z [INFO]: DB connected
2025-01-20T16:16:02.193Z [INFO]: DB connected
2025-01-20T16:18:06.119Z [INFO]: DB connected
2025-01-20T16:19:57.914Z [INFO]: DB connected
2025-01-20T16:21:09.860Z [INFO]: DB connected
2025-01-20T16:22:29.854Z [INFO]: DB connected
2025-01-20T16:23:44.462Z [INFO]: DB connected
2025-01-20T16:25:36.684Z [INFO]: DB connected
2025-01-20T16:26:57.044Z [INFO]: DB connected
2025-01-20T16:28:26.438Z [INFO]: DB connected
2025-01-20T16:32:02.055Z [INFO]: DB connected
2025-01-20T16:36:17.606Z [INFO]: DB connected
2025-01-20T16:36:23.648Z [INFO]: DB connected
2025-01-20T17:08:03.066Z [INFO]: DB connected
2025-01-20T17:13:25.213Z [INFO]: DB connected
2025-01-20T17:15:24.050Z [INFO]: DB connected
2025-01-20T17:16:21.776Z [INFO]: DB connected
2025-01-20T17:17:05.873Z [INFO]: DB connected
2025-01-20T17:19:02.416Z [INFO]: DB connected
2025-01-20T17:20:00.125Z [INFO]: DB connected
2025-01-20T17:21:54.264Z [INFO]: DB connected
2025-01-20T17:23:15.658Z [INFO]: DB connected
2025-01-20T17:25:38.218Z [INFO]: DB connected
2025-01-20T17:52:09.535Z [INFO]: DB connected
2025-01-20T17:52:50.486Z [INFO]: No session
2025-01-20T17:55:06.183Z [INFO]: DB connected
2025-01-20T17:55:08.111Z [INFO]: No session
2025-01-20T18:28:25.068Z [INFO]: DB connected
2025-01-20T18:39:06.414Z [INFO]: DB connected
2025-01-20T18:39:33.036Z [INFO]: No session
2025-01-20T19:11:03.119Z [INFO]: DB connected
2025-01-20T19:21:54.681Z [INFO]: DB connected
2025-01-21T02:49:05.738Z [INFO]: DB connected
2025-01-21T03:13:58.196Z [INFO]: DB connected
2025-01-21T03:15:08.645Z [INFO]: DB connected
2025-01-21T03:15:39.394Z [INFO]: DB connected
2025-01-21T03:16:09.964Z [INFO]: DB connected
2025-01-21T03:16:51.161Z [INFO]: DB connected
2025-01-21T03:17:10.295Z [INFO]: month
2025-01-21T03:17:10.420Z [INFO]: start:
2025-01-21T03:17:10.493Z [INFO]: totoalSales:
2025-01-21T03:17:10.533Z [INFO]: Total Revenue (5)% of totalPrice):
2025-01-21T03:17:35.349Z [INFO]: year
2025-01-21T03:17:35.475Z [INFO]: start:
2025-01-21T03:17:35.520Z [INFO]: totoalSales:
2025-01-21T03:17:35.560Z [INFO]: Total Revenue (5)% of totalPrice):
2025-01-21T03:18:52.963Z [INFO]: month
2025-01-21T03:18:53.083Z [INFO]: start:
2025-01-21T03:18:53.129Z [INFO]: totoalSales:
2025-01-21T03:18:53.169Z [INFO]: Total Revenue (5)% of totalPrice):
2025-01-21T03:18:56.195Z [INFO]: year
2025-01-21T03:18:56.313Z [INFO]: start:
2025-01-21T03:18:56.374Z [INFO]: totoalSales:
2025-01-21T03:18:56.412Z [INFO]: Total Revenue (5)% of totalPrice):
2025-01-21T03:18:58.659Z [INFO]: month
2025-01-21T03:18:58.776Z [INFO]: start:
2025-01-21T03:18:58.825Z [INFO]: totoalSales:
2025-01-21T03:18:58.867Z [INFO]: Total Revenue (5)% of totalPrice):
2025-01-21T03:19:00.435Z [INFO]: year
2025-01-21T03:19:00.572Z [INFO]: start:
2025-01-21T03:19:00.612Z [INFO]: totoalSales:
2025-01-21T03:19:00.650Z [INFO]: Total Revenue (5)% of totalPrice):
2025-01-21T03:19:43.828Z [INFO]: DB connected
2025-01-21T03:19:52.669Z [INFO]: month
2025-01-21T03:19:52.795Z [INFO]: start:
2025-01-21T03:19:52.837Z [INFO]: totoalSales:
2025-01-21T03:19:52.880Z [INFO]: Total Revenue (5)% of totalPrice):
2025-01-21T03:19:54.788Z [INFO]: year
2025-01-21T03:19:54.913Z [INFO]: start:
2025-01-21T03:19:54.953Z [INFO]: totoalSales:
2025-01-21T03:19:54.992Z [INFO]: Total Revenue (5)% of totalPrice):
2025-01-21T03:20:25.560Z [INFO]: month
2025-01-21T03:20:25.681Z [INFO]: start:
2025-01-21T03:20:25.720Z [INFO]: totoalSales:
2025-01-21T03:20:25.759Z [INFO]: Total Revenue (5)% of totalPrice):
2025-01-21T03:21:50.390Z [INFO]: No session
2025-01-21T03:26:31.826Z [INFO]: month
2025-01-21T03:26:31.943Z [INFO]: start:
2025-01-21T03:26:31.981Z [INFO]: totoalSales:
2025-01-21T03:26:32.021Z [INFO]: Total Revenue (5)% of totalPrice):
2025-01-21T03:26:37.730Z [INFO]: year
2025-01-21T03:26:37.858Z [INFO]: start:
2025-01-21T03:26:37.905Z [INFO]: totoalSales:
2025-01-21T03:26:37.945Z [INFO]: Total Revenue (5)% of totalPrice):
2025-01-21T03:26:40.929Z [INFO]: month
2025-01-21T03:26:41.041Z [INFO]: start:
2025-01-21T03:26:41.080Z [INFO]: totoalSales:
2025-01-21T03:26:41.120Z [INFO]: Total Revenue (5)% of totalPrice):
2025-01-21T03:26:44.881Z [INFO]: year
2025-01-21T03:26:45.006Z [INFO]: start:
2025-01-21T03:26:45.044Z [INFO]: totoalSales:
2025-01-21T03:26:45.085Z [INFO]: Total Revenue (5)% of totalPrice):
2025-01-21T03:26:46.513Z [INFO]: month
2025-01-21T03:26:46.629Z [INFO]: start:
2025-01-21T03:26:46.665Z [INFO]: totoalSales:
2025-01-21T03:26:46.703Z [INFO]: Total Revenue (5)% of totalPrice):
2025-01-21T03:26:52.187Z [INFO]: year
2025-01-21T03:26:52.302Z [INFO]: start:
2025-01-21T03:26:52.351Z [INFO]: totoalSales:
2025-01-21T03:26:52.391Z [INFO]: Total Revenue (5)% of totalPrice):
2025-01-21T03:37:43.175Z [INFO]: DB connected
2025-01-21T03:43:49.411Z [INFO]: DB connected
2025-01-21T03:44:03.826Z [INFO]: DB connected
2025-01-21T03:44:15.793Z [INFO]: DB connected
2025-01-21T03:44:27.173Z [INFO]: DB connected
2025-01-21T03:51:36.101Z [INFO]: DB connected
2025-01-21T03:53:03.925Z [INFO]: No session
2025-01-21T03:55:24.041Z [INFO]: DB connected
2025-01-21T03:55:39.560Z [INFO]: No session
2025-01-21T03:56:23.583Z [INFO]: month
2025-01-21T03:56:23.696Z [INFO]: start:
2025-01-21T03:56:23.734Z [INFO]: totoalSales:
2025-01-21T03:56:23.771Z [INFO]: Total Revenue (5)% of totalPrice):
2025-01-21T03:56:26.567Z [INFO]: year
2025-01-21T03:56:26.678Z [INFO]: start:
2025-01-21T03:56:26.713Z [INFO]: totoalSales:
2025-01-21T03:56:26.750Z [INFO]: Total Revenue (5)% of totalPrice):
2025-01-21T04:04:02.110Z [INFO]: month
2025-01-21T04:04:02.322Z [INFO]: start:
2025-01-21T04:04:02.362Z [INFO]: totoalSales:
2025-01-21T04:04:02.404Z [INFO]: Total Revenue (5)% of totalPrice):
2025-01-21T04:14:04.439Z [INFO]: month
2025-01-21T04:14:04.548Z [INFO]: start:
2025-01-21T04:14:04.584Z [INFO]: totoalSales:
2025-01-21T04:14:04.626Z [INFO]: Total Revenue (5)% of totalPrice):
2025-01-21T05:49:03.159Z [INFO]: DB connected
2025-01-21T05:50:33.687Z [INFO]: DB connected
2025-01-21T05:51:05.594Z [INFO]: No session
2025-01-21T05:54:28.735Z [INFO]: DB connected
2025-01-21T05:54:57.319Z [INFO]: No session
2025-01-21T05:55:57.100Z [INFO]: DB connected
2025-01-21T06:24:05.422Z [INFO]: DB connected
2025-01-21T06:24:56.214Z [INFO]: No session
2025-01-21T07:51:32.186Z [INFO]: month
2025-01-21T07:51:32.595Z [INFO]: start:
2025-01-21T07:51:32.632Z [INFO]: totoalSales:
2025-01-21T07:51:32.669Z [INFO]: Total Revenue (5)% of totalPrice):
2025-01-21T07:51:38.164Z [INFO]: year
2025-01-21T07:51:38.302Z [INFO]: start:
2025-01-21T07:51:38.337Z [INFO]: totoalSales:
2025-01-21T07:51:38.375Z [INFO]: Total Revenue (5)% of totalPrice):
2025-01-21T07:51:40.292Z [INFO]: month
2025-01-21T07:51:40.405Z [INFO]: start:
2025-01-21T07:51:40.470Z [INFO]: totoalSales:
2025-01-21T07:51:40.506Z [INFO]: Total Revenue (5)% of totalPrice):
2025-01-21T07:51:42.667Z [INFO]: year
2025-01-21T07:51:43.679Z [INFO]: start:
2025-01-21T07:51:43.716Z [INFO]: totoalSales:
2025-01-21T07:51:43.752Z [INFO]: Total Revenue (5)% of totalPrice):
2025-01-21T07:51:45.746Z [INFO]: month
2025-01-21T07:51:45.867Z [INFO]: start:
2025-01-21T07:51:45.904Z [INFO]: totoalSales:
2025-01-21T07:51:45.940Z [INFO]: Total Revenue (5)% of totalPrice):
2025-01-21T07:51:51.834Z [INFO]: year
2025-01-21T07:51:51.946Z [INFO]: start:
2025-01-21T07:51:51.981Z [INFO]: totoalSales:
2025-01-21T07:51:52.014Z [INFO]: Total Revenue (5)% of totalPrice):
2025-01-21T07:52:12.284Z [INFO]: month
2025-01-21T07:52:12.391Z [INFO]: start:
2025-01-21T07:52:12.425Z [INFO]: totoalSales:
2025-01-21T07:52:12.460Z [INFO]: Total Revenue (5)% of totalPrice):
2025-01-21T07:52:18.773Z [INFO]: year
2025-01-21T07:52:18.890Z [INFO]: start:
2025-01-21T07:52:18.925Z [INFO]: totoalSales:
2025-01-21T07:52:18.960Z [INFO]: Total Revenue (5)% of totalPrice):
2025-01-21T07:52:21.616Z [INFO]: month
2025-01-21T07:52:21.727Z [INFO]: start:
2025-01-21T07:52:21.761Z [INFO]: totoalSales:
2025-01-21T07:52:21.796Z [INFO]: Total Revenue (5)% of totalPrice):
2025-01-21T07:52:25.097Z [INFO]: year
2025-01-21T07:52:25.204Z [INFO]: start:
2025-01-21T07:52:25.239Z [INFO]: totoalSales:
2025-01-21T07:52:25.276Z [INFO]: Total Revenue (5)% of totalPrice):
2025-01-21T07:52:29.084Z [INFO]: month
2025-01-21T07:52:29.194Z [INFO]: start:
2025-01-21T07:52:29.229Z [INFO]: totoalSales:
2025-01-21T07:52:29.390Z [INFO]: Total Revenue (5)% of totalPrice):
2025-01-21T07:52:34.070Z [INFO]: year
2025-01-21T07:52:34.179Z [INFO]: start:
2025-01-21T07:52:34.214Z [INFO]: totoalSales:
2025-01-21T07:52:34.248Z [INFO]: Total Revenue (5)% of totalPrice):
2025-01-21T13:56:37.961Z [INFO]: DB connected
2025-01-21T14:29:49.876Z [INFO]: month
2025-01-21T14:29:50.945Z [INFO]: start:
2025-01-21T14:29:50.997Z [INFO]: totoalSales:
2025-01-21T14:29:51.050Z [INFO]: Total Revenue (5)% of totalPrice):
2025-01-21T14:29:53.185Z [INFO]: year
2025-01-21T14:29:53.310Z [INFO]: start:
2025-01-21T14:29:53.351Z [INFO]: totoalSales:
2025-01-21T14:29:53.421Z [INFO]: Total Revenue (5)% of totalPrice):
2025-01-21T14:34:58.469Z [INFO]: month
2025-01-21T14:34:58.625Z [INFO]: start:
2025-01-21T14:34:58.663Z [INFO]: totoalSales:
2025-01-21T14:34:58.710Z [INFO]: Total Revenue (5)% of totalPrice):
2025-01-21T14:35:00.532Z [INFO]: year
2025-01-21T14:35:00.649Z [INFO]: start:
2025-01-21T14:35:00.697Z [INFO]: totoalSales:
2025-01-21T14:35:00.741Z [INFO]: Total Revenue (5)% of totalPrice):
2025-01-21T14:35:18.259Z [INFO]: month
2025-01-21T14:35:18.375Z [INFO]: start:
2025-01-21T14:35:18.414Z [INFO]: totoalSales:
2025-01-21T14:35:18.454Z [INFO]: Total Revenue (5)% of totalPrice):
2025-01-21T15:16:30.122Z [INFO]: custom
2025-01-21T15:16:30.753Z [INFO]: start:
2025-01-21T15:16:30.971Z [INFO]: totoalSales:
2025-01-21T15:16:31.008Z [INFO]: Total Revenue (5)% of totalPrice):
2025-01-21T15:16:35.248Z [INFO]: year
2025-01-21T15:16:35.408Z [INFO]: start:
2025-01-21T15:16:35.459Z [INFO]: totoalSales:
2025-01-21T15:16:35.508Z [INFO]: Total Revenue (5)% of totalPrice):
2025-01-21T15:16:37.625Z [INFO]: month
2025-01-21T15:16:37.821Z [INFO]: start:
2025-01-21T15:16:37.895Z [INFO]: totoalSales:
2025-01-21T15:16:37.934Z [INFO]: Total Revenue (5)% of totalPrice):
2025-01-21T15:16:39.192Z [INFO]: custom
2025-01-21T15:16:39.331Z [INFO]: start:
2025-01-21T15:16:39.370Z [INFO]: totoalSales:
2025-01-21T15:16:39.409Z [INFO]: Total Revenue (5)% of totalPrice):
2025-01-21T15:17:53.272Z [INFO]: month
2025-01-21T15:17:53.401Z [INFO]: start:
2025-01-21T15:17:53.469Z [INFO]: totoalSales:
2025-01-21T15:17:53.551Z [INFO]: Total Revenue (5)% of totalPrice):
2025-01-21T15:17:55.230Z [INFO]: year
2025-01-21T15:17:55.393Z [INFO]: start:
2025-01-21T15:17:55.433Z [INFO]: totoalSales:
2025-01-21T15:17:55.472Z [INFO]: Total Revenue (5)% of totalPrice):
2025-01-21T15:17:56.665Z [INFO]: custom
2025-01-21T15:17:56.793Z [INFO]: start:
2025-01-21T15:17:56.830Z [INFO]: totoalSales:
2025-01-21T15:17:56.996Z [INFO]: Total Revenue (5)% of totalPrice):
2025-01-21T15:21:45.545Z [INFO]: custom
2025-01-21T15:21:45.684Z [INFO]: start:
2025-01-21T15:21:45.733Z [INFO]: totoalSales:
2025-01-21T15:21:45.772Z [INFO]: Total Revenue (5)% of totalPrice):
2025-01-21T15:31:18.591Z [INFO]: DB connected
2025-01-21T15:32:12.524Z [INFO]: DB connected
2025-01-21T15:33:18.308Z [INFO]: DB connected
2025-01-21T15:33:43.484Z [INFO]: DB connected
2025-01-21T15:36:30.010Z [INFO]: custom
2025-01-21T15:36:30.136Z [INFO]: start:
2025-01-21T15:36:30.532Z [INFO]: totoalSales:
2025-01-21T15:36:30.572Z [INFO]: Total Revenue (5)% of totalPrice):
2025-01-21T15:36:34.662Z [INFO]: year
2025-01-21T15:36:34.784Z [INFO]: start:
2025-01-21T15:36:34.904Z [INFO]: totoalSales:
2025-01-21T15:36:34.982Z [INFO]: Total Revenue (5)% of totalPrice):
2025-01-21T15:36:38.862Z [INFO]: year
2025-01-21T15:36:38.989Z [INFO]: start:
2025-01-21T15:36:39.031Z [INFO]: totoalSales:
2025-01-21T15:36:39.070Z [INFO]: Total Revenue (5)% of totalPrice):
2025-01-21T15:36:46.577Z [INFO]: year
2025-01-21T15:36:46.696Z [INFO]: start:
2025-01-21T15:36:46.738Z [INFO]: totoalSales:
2025-01-21T15:36:46.778Z [INFO]: Total Revenue (5)% of totalPrice):
2025-01-21T15:36:50.781Z [INFO]: year
2025-01-21T15:36:50.906Z [INFO]: start:
2025-01-21T15:36:50.962Z [INFO]: totoalSales:
2025-01-21T15:36:51.004Z [INFO]: Total Revenue (5)% of totalPrice):
2025-01-21T15:36:57.846Z [INFO]: year
2025-01-21T15:36:57.964Z [INFO]: start:
2025-01-21T15:36:58.012Z [INFO]: totoalSales:
2025-01-21T15:36:58.053Z [INFO]: Total Revenue (5)% of totalPrice):
2025-01-21T15:37:01.932Z [INFO]: year
2025-01-21T15:37:02.118Z [INFO]: start:
2025-01-21T15:37:02.159Z [INFO]: totoalSales:
2025-01-21T15:37:02.211Z [INFO]: Total Revenue (5)% of totalPrice):
2025-01-21T15:37:07.071Z [INFO]: year
2025-01-21T15:37:07.199Z [INFO]: start:
2025-01-21T15:37:07.238Z [INFO]: totoalSales:
2025-01-21T15:37:07.275Z [INFO]: Total Revenue (5)% of totalPrice):
2025-01-21T15:38:14.066Z [INFO]: DB connected
2025-01-21T15:38:26.515Z [INFO]: month
2025-01-21T15:38:26.636Z [INFO]: start:
2025-01-21T15:38:26.677Z [INFO]: totoalSales:
2025-01-21T15:38:26.717Z [INFO]: Total Revenue (5)% of totalPrice):
2025-01-21T15:38:32.819Z [INFO]: custom
2025-01-21T15:38:32.961Z [INFO]: start:
2025-01-21T15:38:33.002Z [INFO]: totoalSales:
2025-01-21T15:38:33.042Z [INFO]: Total Revenue (5)% of totalPrice):
2025-01-21T15:39:45.499Z [INFO]: DB connected
2025-01-21T15:40:06.684Z [INFO]: DB connected
2025-01-21T15:40:33.114Z [INFO]: month
2025-01-21T15:40:33.232Z [INFO]: start:
2025-01-21T15:40:33.270Z [INFO]: totoalSales:
2025-01-21T15:40:33.352Z [INFO]: Total Revenue (5)% of totalPrice):
2025-01-21T15:40:36.246Z [INFO]: custom
2025-01-21T15:40:36.366Z [INFO]: start:
2025-01-21T15:40:36.403Z [INFO]: totoalSales:
2025-01-21T15:40:36.442Z [INFO]: Total Revenue (5)% of totalPrice):
2025-01-21T15:40:39.476Z [INFO]: year
2025-01-21T15:40:39.590Z [INFO]: start:
2025-01-21T15:40:39.626Z [INFO]: totoalSales:
2025-01-21T15:40:39.661Z [INFO]: Total Revenue (5)% of totalPrice):
2025-01-21T15:40:42.500Z [INFO]: year
2025-01-21T15:40:42.615Z [INFO]: start:
2025-01-21T15:40:42.655Z [INFO]: totoalSales:
2025-01-21T15:40:42.690Z [INFO]: Total Revenue (5)% of totalPrice):
2025-01-21T15:40:47.623Z [INFO]: year
2025-01-21T15:40:47.740Z [INFO]: start:
2025-01-21T15:40:47.779Z [INFO]: totoalSales:
2025-01-21T15:40:47.820Z [INFO]: Total Revenue (5)% of totalPrice):
2025-01-21T15:40:51.772Z [INFO]: year
2025-01-21T15:40:51.967Z [INFO]: start:
2025-01-21T15:40:52.005Z [INFO]: totoalSales:
2025-01-21T15:40:52.046Z [INFO]: Total Revenue (5)% of totalPrice):
2025-01-21T15:40:54.190Z [INFO]: year
2025-01-21T15:40:54.302Z [INFO]: start:
2025-01-21T15:40:54.341Z [INFO]: totoalSales:
2025-01-21T15:40:54.380Z [INFO]: Total Revenue (5)% of totalPrice):
2025-01-21T15:40:57.039Z [INFO]: year
2025-01-21T15:40:57.162Z [INFO]: start:
2025-01-21T15:40:57.243Z [INFO]: totoalSales:
2025-01-21T15:40:57.296Z [INFO]: Total Revenue (5)% of totalPrice):
2025-01-21T15:41:00.234Z [INFO]: year
2025-01-21T15:41:00.354Z [INFO]: start:
2025-01-21T15:41:00.394Z [INFO]: totoalSales:
2025-01-21T15:41:00.434Z [INFO]: Total Revenue (5)% of totalPrice):
2025-01-21T15:41:03.984Z [INFO]: year
2025-01-21T15:41:04.096Z [INFO]: start:
2025-01-21T15:41:04.135Z [INFO]: totoalSales:
2025-01-21T15:41:04.170Z [INFO]: Total Revenue (5)% of totalPrice):
2025-01-21T15:41:17.556Z [INFO]: year
2025-01-21T15:41:17.668Z [INFO]: start:
2025-01-21T15:41:17.706Z [INFO]: totoalSales:
2025-01-21T15:41:17.745Z [INFO]: Total Revenue (5)% of totalPrice):
2025-01-21T15:41:20.371Z [INFO]: year
2025-01-21T15:41:20.487Z [INFO]: start:
2025-01-21T15:41:20.527Z [INFO]: totoalSales:
2025-01-21T15:41:20.566Z [INFO]: Total Revenue (5)% of totalPrice):
2025-01-21T15:43:09.148Z [INFO]: DB connected
2025-01-21T15:44:39.912Z [INFO]: month
2025-01-21T15:44:40.026Z [INFO]: start:
2025-01-21T15:44:40.064Z [INFO]: totoalSales:
2025-01-21T15:44:40.103Z [INFO]: Total Revenue (5)% of totalPrice):
2025-01-21T15:46:05.333Z [INFO]: custom
2025-01-21T15:46:05.466Z [INFO]: start:
2025-01-21T15:46:05.509Z [INFO]: totoalSales:
2025-01-21T15:46:05.547Z [INFO]: Total Revenue (5)% of totalPrice):
2025-01-21T15:48:48.183Z [INFO]: custom
2025-01-21T15:48:48.346Z [INFO]: start:
2025-01-21T15:48:48.386Z [INFO]: totoalSales:
2025-01-21T15:48:48.425Z [INFO]: Total Revenue (5)% of totalPrice):
2025-01-21T15:48:52.988Z [INFO]: year
2025-01-21T15:48:53.106Z [INFO]: start:
2025-01-21T15:48:53.146Z [INFO]: totoalSales:
2025-01-21T15:48:53.184Z [INFO]: Total Revenue (5)% of totalPrice):
2025-01-21T15:48:56.433Z [INFO]: year
2025-01-21T15:48:56.554Z [INFO]: start:
2025-01-21T15:48:56.592Z [INFO]: totoalSales:
2025-01-21T15:48:56.632Z [INFO]: Total Revenue (5)% of totalPrice):
2025-01-21T15:49:00.077Z [INFO]: year
2025-01-21T15:49:00.191Z [INFO]: start:
2025-01-21T15:49:00.230Z [INFO]: totoalSales:
2025-01-21T15:49:00.269Z [INFO]: Total Revenue (5)% of totalPrice):
2025-01-21T15:49:09.599Z [INFO]: year
2025-01-21T15:49:09.718Z [INFO]: start:
2025-01-21T15:49:09.758Z [INFO]: totoalSales:
2025-01-21T15:49:09.797Z [INFO]: Total Revenue (5)% of totalPrice):
2025-01-21T15:49:46.163Z [INFO]: year
2025-01-21T15:49:46.282Z [INFO]: start:
2025-01-21T15:49:46.320Z [INFO]: totoalSales:
2025-01-21T15:49:46.356Z [INFO]: Total Revenue (5)% of totalPrice):
2025-01-21T15:49:49.614Z [INFO]: year
2025-01-21T15:49:49.726Z [INFO]: start:
2025-01-21T15:49:49.764Z [INFO]: totoalSales:
2025-01-21T15:49:49.801Z [INFO]: Total Revenue (5)% of totalPrice):
2025-01-21T15:49:59.637Z [INFO]: year
2025-01-21T15:49:59.749Z [INFO]: start:
2025-01-21T15:49:59.787Z [INFO]: totoalSales:
2025-01-21T15:49:59.843Z [INFO]: Total Revenue (5)% of totalPrice):
2025-01-21T15:54:17.071Z [INFO]: DB connected
2025-01-21T15:55:39.502Z [INFO]: DB connected
2025-01-21T15:55:54.247Z [INFO]: month
2025-01-21T15:55:54.293Z [INFO]: Date Range: Start = Wed Jan 01 2025 00:00:00 GMT+0530 (India Standard Time), End = Sat Feb 01 2025 00:00:00 GMT+0530 (India Standard Time)
2025-01-21T15:55:54.460Z [INFO]: start:
2025-01-21T15:55:54.499Z [INFO]: totoalSales:
2025-01-21T15:55:54.539Z [INFO]: Total Revenue (5)% of totalPrice):
2025-01-21T15:55:56.099Z [INFO]: custom
2025-01-21T15:55:56.101Z [INFO]: Date Range: Start = undefined, End = undefined
2025-01-21T15:55:56.223Z [INFO]: start:
2025-01-21T15:55:56.261Z [INFO]: totoalSales:
2025-01-21T15:55:56.299Z [INFO]: Total Revenue (5)% of totalPrice):
2025-01-21T15:55:59.773Z [INFO]: year
2025-01-21T15:55:59.778Z [INFO]: Date Range: Start = Wed Jan 01 2025 00:00:00 GMT+0530 (India Standard Time), End = Thu Jan 01 2026 00:00:00 GMT+0530 (India Standard Time)
2025-01-21T15:55:59.899Z [INFO]: start:
2025-01-21T15:55:59.938Z [INFO]: totoalSales:
2025-01-21T15:55:59.978Z [INFO]: Total Revenue (5)% of totalPrice):
2025-01-21T15:56:02.584Z [INFO]: year
2025-01-21T15:56:03.031Z [INFO]: Date Range: Start = Sat Jan 18 2025 05:30:00 GMT+0530 (India Standard Time), End = Sat Jan 18 2025 23:59:59 GMT+0530 (India Standard Time)
2025-01-21T15:56:03.164Z [INFO]: start:
2025-01-21T15:56:03.203Z [INFO]: totoalSales:
2025-01-21T15:56:03.242Z [INFO]: Total Revenue (5)% of totalPrice):
2025-01-21T15:57:06.153Z [INFO]: DB connected
2025-01-21T15:57:29.722Z [INFO]: custom
2025-01-21T15:57:29.723Z [INFO]: Date Range: Start = undefined, End = undefined
2025-01-21T15:57:30.149Z [INFO]: start:
2025-01-21T15:57:30.341Z [INFO]: totoalSales:
2025-01-21T15:57:30.391Z [INFO]: Total Revenue (5)% of totalPrice):
2025-01-21T15:57:32.512Z [INFO]: year
2025-01-21T15:57:32.513Z [INFO]: Date Range: Start = Wed Jan 01 2025 00:00:00 GMT+0530 (India Standard Time), End = Thu Jan 01 2026 00:00:00 GMT+0530 (India Standard Time)
2025-01-21T15:57:32.632Z [INFO]: start:
2025-01-21T15:57:32.671Z [INFO]: totoalSales:
2025-01-21T15:57:32.728Z [INFO]: Total Revenue (5)% of totalPrice):
2025-01-21T15:57:34.987Z [INFO]: year
2025-01-21T15:57:34.990Z [INFO]: Date Range: Start = Sat Jan 18 2025 05:30:00 GMT+0530 (India Standard Time), End = Sat Jan 18 2025 05:30:00 GMT+0530 (India Standard Time)
2025-01-21T15:57:35.111Z [INFO]: start:
2025-01-21T15:57:35.150Z [INFO]: totoalSales:
2025-01-21T15:57:35.215Z [INFO]: Total Revenue (5)% of totalPrice):
2025-01-21T16:00:24.135Z [INFO]: DB connected
2025-01-21T16:00:39.966Z [INFO]: month
2025-01-21T16:00:39.967Z [INFO]: Date Range: Start = Wed Jan 01 2025 00:00:00 GMT+0530 (India Standard Time), End = Sat Feb 01 2025 00:00:00 GMT+0530 (India Standard Time)
2025-01-21T16:00:40.107Z [INFO]: start:
2025-01-21T16:00:40.145Z [INFO]: totoalSales:
2025-01-21T16:00:40.182Z [INFO]: Total Revenue (5)% of totalPrice):
2025-01-21T16:00:42.243Z [INFO]: custom
2025-01-21T16:00:42.244Z [INFO]: Date Range: Start = undefined, End = undefined
2025-01-21T16:00:42.364Z [INFO]: start:
2025-01-21T16:00:42.419Z [INFO]: totoalSales:
2025-01-21T16:00:42.455Z [INFO]: Total Revenue (5)% of totalPrice):
2025-01-21T16:00:45.307Z [INFO]: year
2025-01-21T16:00:45.310Z [INFO]: Date Range: Start = Wed Jan 01 2025 00:00:00 GMT+0530 (India Standard Time), End = Thu Jan 01 2026 00:00:00 GMT+0530 (India Standard Time)
2025-01-21T16:00:45.427Z [INFO]: start:
2025-01-21T16:00:45.464Z [INFO]: totoalSales:
2025-01-21T16:00:45.505Z [INFO]: Total Revenue (5)% of totalPrice):
2025-01-21T16:00:47.380Z [INFO]: year
2025-01-21T16:00:47.403Z [INFO]: Date Range: Start = Sat Jan 18 2025 00:00:00 GMT+0530 (India Standard Time), End = Sun Jan 19 2025 00:00:00 GMT+0530 (India Standard Time)
2025-01-21T16:00:47.535Z [INFO]: start:
2025-01-21T16:00:47.574Z [INFO]: totoalSales:
2025-01-21T16:00:47.611Z [INFO]: Total Revenue (5)% of totalPrice):
2025-01-21T16:05:11.269Z [INFO]: DB connected
2025-01-21T16:05:25.567Z [INFO]: custom
2025-01-21T16:05:25.568Z [INFO]: Date Range: Start = undefined, End = undefined
2025-01-21T16:05:25.701Z [INFO]: start:
2025-01-21T16:05:25.939Z [INFO]: totoalSales:
2025-01-21T16:05:26.004Z [INFO]: Total Revenue (5)% of totalPrice):
2025-01-21T16:05:28.901Z [INFO]: year
2025-01-21T16:05:28.902Z [INFO]: Date Range: Start = Wed Jan 01 2025 00:00:00 GMT+0530 (India Standard Time), End = Thu Jan 01 2026 00:00:00 GMT+0530 (India Standard Time)
2025-01-21T16:05:29.051Z [INFO]: start:
2025-01-21T16:05:29.142Z [INFO]: totoalSales:
2025-01-21T16:05:29.186Z [INFO]: Total Revenue (5)% of totalPrice):
2025-01-21T16:05:34.494Z [INFO]: year
2025-01-21T16:05:34.495Z [INFO]: Date Range: Start = Sat Jan 18 2025 00:00:00 GMT+0530 (India Standard Time), End = Sun Jan 19 2025 00:00:00 GMT+0530 (India Standard Time)
2025-01-21T16:05:34.681Z [INFO]: start:
2025-01-21T16:05:34.722Z [INFO]: totoalSales:
2025-01-21T16:05:34.769Z [INFO]: Total Revenue (5)% of totalPrice):
2025-01-21T16:07:23.037Z [INFO]: year
2025-01-21T16:07:23.038Z [INFO]: Date Range: Start = Sat Jan 18 2025 00:00:00 GMT+0530 (India Standard Time), End = Thu Jan 23 2025 00:00:00 GMT+0530 (India Standard Time)
2025-01-21T16:07:23.170Z [INFO]: start:
2025-01-21T16:07:23.211Z [INFO]: totoalSales:
2025-01-21T16:07:23.337Z [INFO]: Total Revenue (5)% of totalPrice):
2025-01-21T16:07:58.784Z [INFO]: DB connected
2025-01-21T16:08:25.736Z [INFO]: DB connected
2025-01-21T16:10:48.675Z [INFO]: DB connected
2025-01-21T16:10:56.177Z [INFO]: DB connected
2025-01-21T16:11:59.130Z [INFO]: DB connected
2025-01-21T16:13:08.974Z [INFO]:  'start':,Wed Jan 01 2025 00:00:00 GMT+0530 (India Standard Time),'end:',Sat Feb 01 2025 00:00:00 GMT+0530 (India Standard Time)
2025-01-21T16:13:10.367Z [INFO]:  'start':,undefined,'end:',undefined
2025-01-21T16:13:12.865Z [INFO]:  'start':,Wed Jan 01 2025 00:00:00 GMT+0530 (India Standard Time),'end:',Thu Jan 01 2026 00:00:00 GMT+0530 (India Standard Time)
2025-01-21T16:13:15.271Z [INFO]:  'start':,Sat Jan 18 2025 05:30:00 GMT+0530 (India Standard Time),'end:',Sat Jan 18 2025 23:59:59 GMT+0530 (India Standard Time)
2025-01-21T16:18:04.523Z [INFO]: DB connected
2025-01-21T16:21:05.100Z [INFO]: DB connected
2025-01-21T16:21:17.102Z [INFO]:  'start':,Wed Jan 01 2025 00:00:00 GMT+0530 (India Standard Time),'end:',Sat Feb 01 2025 00:00:00 GMT+0530 (India Standard Time)
2025-01-21T16:21:18.517Z [INFO]:  'start':,undefined,'end:',undefined
2025-01-21T16:21:21.103Z [INFO]:  'start':,Wed Jan 01 2025 00:00:00 GMT+0530 (India Standard Time),'end:',Thu Jan 01 2026 00:00:00 GMT+0530 (India Standard Time)
2025-01-21T16:21:23.414Z [INFO]:  'start':,undefined,'end:',undefined
2025-01-21T16:22:37.014Z [INFO]:  'start':,undefined,'end:',undefined
2025-01-21T16:22:39.242Z [INFO]:  'start':,Wed Jan 01 2025 00:00:00 GMT+0530 (India Standard Time),'end:',Thu Jan 01 2026 00:00:00 GMT+0530 (India Standard Time)
2025-01-21T16:22:47.187Z [INFO]:  'start':,undefined,'end:',undefined
2025-01-21T16:22:57.359Z [INFO]:  'start':,undefined,'end:',undefined
2025-01-21T16:23:03.220Z [INFO]:  'start':,undefined,'end:',undefined
2025-01-21T16:23:05.963Z [INFO]:  'start':,undefined,'end:',undefined
2025-01-21T16:23:11.248Z [INFO]:  'start':,undefined,'end:',undefined
2025-01-21T16:23:13.748Z [INFO]:  'start':,undefined,'end:',undefined
2025-01-21T16:23:16.784Z [INFO]:  'start':,undefined,'end:',undefined
2025-01-21T16:23:18.930Z [INFO]:  'start':,undefined,'end:',undefined
2025-01-21T16:23:20.769Z [INFO]:  'start':,undefined,'end:',undefined
2025-01-21T16:23:22.720Z [INFO]:  'start':,undefined,'end:',undefined
2025-01-21T16:24:51.302Z [INFO]: DB connected
2025-01-21T16:25:05.748Z [INFO]:  'start':,undefined,'end:',undefined
2025-01-21T16:25:09.392Z [INFO]:  'start':,Wed Jan 01 2025 00:00:00 GMT+0530 (India Standard Time),'end:',Thu Jan 01 2026 00:00:00 GMT+0530 (India Standard Time)
2025-01-21T16:25:13.479Z [INFO]:  'start':,Invalid Date,'end:',Invalid Date
2025-01-21T16:26:13.529Z [INFO]: DB connected
2025-01-21T16:26:22.545Z [INFO]:  'start':,undefined,'end:',undefined
2025-01-21T16:26:25.430Z [INFO]:  'start':,Wed Jan 01 2025 00:00:00 GMT+0530 (India Standard Time),'end:',Thu Jan 01 2026 00:00:00 GMT+0530 (India Standard Time)
2025-01-21T16:26:27.768Z [INFO]:  'start':,Sat Jan 18 2025 05:30:00 GMT+0530 (India Standard Time),'end:',Sun Jan 19 2025 05:29:59 GMT+0530 (India Standard Time)
2025-01-21T16:26:41.574Z [ERROR]: Error: Start date cannot be greater than end date.
2025-01-21T16:26:50.260Z [ERROR]: Error: Start date cannot be greater than end date.
2025-01-21T16:26:53.233Z [ERROR]: Error: Start date cannot be greater than end date.
2025-01-21T16:26:58.179Z [INFO]:  'start':,undefined,'end:',undefined
2025-01-21T16:27:01.870Z [INFO]:  'start':,Wed Jan 01 2025 00:00:00 GMT+0530 (India Standard Time),'end:',Thu Jan 01 2026 00:00:00 GMT+0530 (India Standard Time)
2025-01-21T16:27:11.534Z [ERROR]: Error: Start date cannot be greater than end date.
2025-01-21T16:27:48.080Z [INFO]: DB connected
2025-01-21T16:28:01.835Z [INFO]:  'start':,undefined,'end:',undefined
2025-01-21T16:28:04.603Z [INFO]:  'start':,Wed Jan 01 2025 00:00:00 GMT+0530 (India Standard Time),'end:',Thu Jan 01 2026 00:00:00 GMT+0530 (India Standard Time)
2025-01-21T16:28:07.751Z [INFO]:  'start':,Fri Jan 24 2025 05:30:00 GMT+0530 (India Standard Time),'end:',Fri Jan 17 2025 05:29:59 GMT+0530 (India Standard Time)
2025-01-21T16:28:19.340Z [INFO]:  'start':,Sat Jan 18 2025 05:30:00 GMT+0530 (India Standard Time),'end:',Fri Jan 17 2025 05:29:59 GMT+0530 (India Standard Time)
2025-01-21T16:28:23.604Z [INFO]:  'start':,Sat Jan 18 2025 05:30:00 GMT+0530 (India Standard Time),'end:',Sun Jan 19 2025 05:29:59 GMT+0530 (India Standard Time)
2025-01-21T16:28:30.703Z [INFO]:  'start':,Wed Jan 01 2025 00:00:00 GMT+0530 (India Standard Time),'end:',Sat Feb 01 2025 00:00:00 GMT+0530 (India Standard Time)
2025-01-21T16:28:33.286Z [INFO]:  'start':,Wed Jan 01 2025 00:00:00 GMT+0530 (India Standard Time),'end:',Thu Jan 01 2026 00:00:00 GMT+0530 (India Standard Time)
2025-01-21T16:35:14.374Z [INFO]: DB connected
2025-01-21T16:36:45.743Z [INFO]:  'start':,undefined,'end:',undefined
2025-01-21T16:39:17.673Z [INFO]: DB connected
2025-01-21T16:40:54.314Z [INFO]: DB connected
2025-01-21T16:41:09.701Z [INFO]:  'start':,undefined,'end:',undefined
2025-01-21T16:41:22.345Z [INFO]:  'start':,Sat Jan 18 2025 05:30:00 GMT+0530 (India Standard Time),'end:',Sun Jan 19 2025 05:29:59 GMT+0530 (India Standard Time)
2025-01-21T16:42:16.532Z [INFO]: DB connected
2025-01-21T16:43:24.299Z [INFO]: DB connected
2025-01-21T16:43:52.048Z [INFO]:  'start':,undefined,'end:',undefined
2025-01-21T16:43:55.188Z [INFO]:  'start':,Wed Jan 01 2025 00:00:00 GMT+0530 (India Standard Time),'end:',Thu Jan 01 2026 00:00:00 GMT+0530 (India Standard Time)
2025-01-21T16:43:58.799Z [INFO]:  'start':,Sat Jan 18 2025 05:30:00 GMT+0530 (India Standard Time),'end:',Sun Jan 19 2025 05:29:59 GMT+0530 (India Standard Time)
2025-01-21T16:44:28.364Z [INFO]: DB connected
2025-01-21T16:47:33.779Z [INFO]: DB connected
2025-01-21T16:48:13.034Z [INFO]:  'start':,undefined,'end:',undefined
2025-01-21T16:48:16.158Z [INFO]:  'start':,Wed Jan 01 2025 00:00:00 GMT+0530 (India Standard Time),'end:',Thu Jan 01 2026 00:00:00 GMT+0530 (India Standard Time)
2025-01-21T16:48:19.456Z [INFO]:  'start':,Sat Jan 18 2025 05:30:00 GMT+0530 (India Standard Time),'end:',Sun Jan 19 2025 05:29:59 GMT+0530 (India Standard Time)
2025-01-21T16:48:29.582Z [INFO]:  'start':,Sat Jan 18 2025 05:30:00 GMT+0530 (India Standard Time),'end:',Sun Jan 19 2025 05:29:59 GMT+0530 (India Standard Time)
2025-01-21T16:48:38.160Z [INFO]:  'start':,Sat Jan 18 2025 05:30:00 GMT+0530 (India Standard Time),'end:',Sun Jan 19 2025 05:29:59 GMT+0530 (India Standard Time)
2025-01-21T16:48:43.120Z [INFO]:  'start':,Wed Jan 01 2025 00:00:00 GMT+0530 (India Standard Time),'end:',Sat Feb 01 2025 00:00:00 GMT+0530 (India Standard Time)
2025-01-21T16:48:44.977Z [INFO]:  'start':,Wed Jan 01 2025 00:00:00 GMT+0530 (India Standard Time),'end:',Thu Jan 01 2026 00:00:00 GMT+0530 (India Standard Time)
2025-01-21T16:52:36.062Z [INFO]: DB connected
2025-01-21T16:54:45.800Z [INFO]: DB connected
2025-01-21T16:55:01.759Z [INFO]: DB connected
2025-01-21T16:55:33.901Z [INFO]: Start Date:
2025-01-21T16:55:37.170Z [INFO]: Start Date:
2025-01-21T16:56:26.839Z [INFO]: DB connected
2025-01-21T17:00:35.293Z [INFO]: Start Date:
2025-01-21T17:00:42.578Z [INFO]: Start Date:
2025-01-21T17:00:46.221Z [INFO]: Start Date:
2025-01-21T17:00:50.208Z [INFO]: Start Date:
2025-01-21T17:00:53.055Z [INFO]: Start Date:
2025-01-21T17:01:04.008Z [INFO]: Start Date:
2025-01-21T17:01:18.126Z [INFO]: Start Date:
2025-01-21T17:05:14.442Z [INFO]: DB connected
2025-01-21T17:06:05.555Z [INFO]: DB connected
2025-01-21T17:06:56.366Z [INFO]: DB connected
2025-01-21T17:07:30.819Z [INFO]:  'start':,Wed Jan 01 2025 00:00:00 GMT+0530 (India Standard Time),'end:',Sat Feb 01 2025 00:00:00 GMT+0530 (India Standard Time)
2025-01-21T17:07:34.457Z [INFO]:  'start':,undefined,'end:',undefined
2025-01-21T17:07:37.198Z [INFO]:  'start':,Wed Jan 01 2025 00:00:00 GMT+0530 (India Standard Time),'end:',Thu Jan 01 2026 00:00:00 GMT+0530 (India Standard Time)
2025-01-21T17:07:40.142Z [INFO]:  'start':,Sat Jan 18 2025 05:30:00 GMT+0530 (India Standard Time),'end:',Sun Jan 19 2025 05:29:59 GMT+0530 (India Standard Time)
2025-01-21T17:07:42.688Z [INFO]: Start Date:
2025-01-21T17:07:45.249Z [INFO]: Start Date:
2025-01-21T17:07:50.428Z [INFO]: Start Date:
2025-01-21T17:07:53.940Z [INFO]: Start Date:
2025-01-21T17:08:14.430Z [INFO]: Start Date:
2025-01-21T17:08:17.656Z [INFO]: Start Date:
2025-01-21T17:08:22.515Z [INFO]: Start Date:
2025-01-21T17:08:40.511Z [INFO]: Start Date:
2025-01-21T17:08:46.263Z [INFO]: Start Date:
2025-01-21T17:08:51.221Z [INFO]: Start Date:
2025-01-21T17:08:54.161Z [INFO]: Start Date:
2025-01-21T17:09:24.194Z [INFO]: Start Date:
2025-01-21T17:09:28.064Z [INFO]: Start Date:
2025-01-21T17:10:32.657Z [INFO]: DB connected
2025-01-21T17:14:30.074Z [INFO]: DB connected
2025-01-21T17:14:59.198Z [INFO]:  'start':,undefined,'end:',undefined
2025-01-21T17:15:02.685Z [INFO]: Start Date:
2025-01-21T17:15:05.017Z [INFO]: Start Date:
2025-01-21T17:15:10.982Z [INFO]: Start Date:
2025-01-21T17:15:18.282Z [INFO]: Start Date:
2025-01-21T17:15:21.295Z [INFO]: Start Date:
2025-01-21T17:15:39.335Z [INFO]: Start Date:
2025-01-21T17:15:51.707Z [INFO]: Start Date:
2025-01-21T17:16:05.686Z [INFO]:  'start':,undefined,'end:',undefined
2025-01-21T17:16:08.197Z [INFO]:  'start':,Wed Jan 01 2025 00:00:00 GMT+0530 (India Standard Time),'end:',Thu Jan 01 2026 00:00:00 GMT+0530 (India Standard Time)
2025-01-21T17:16:11.170Z [INFO]:  'start':,Sat Jan 18 2025 05:30:00 GMT+0530 (India Standard Time),'end:',Sun Jan 19 2025 05:29:59 GMT+0530 (India Standard Time)
